#
# There is insufficient memory for the Java Runtime Environment to continue.
# Native memory allocation (malloc) failed to allocate 1580176 bytes for Chunk::new
# Possible reasons:
#   The system is out of physical RAM or swap space
#   The process is running with CompressedOops enabled, and the Java Heap may be blocking the growth of the native heap
# Possible solutions:
#   Reduce memory load on the system
#   Increase physical memory or swap space
#   Check if swap backing store is full
#   Decrease Java heap size (-Xmx/-Xms)
#   Decrease number of Java threads
#   Decrease Java thread stack sizes (-Xss)
#   Set larger code cache with -XX:ReservedCodeCacheSize=
#   JVM is running with Unscaled Compressed Oops mode in which the Java heap is
#     placed in the first 4GB address space. The Java Heap base address is the
#     maximum limit for the native heap growth. Please use -XX:HeapBaseMinAddress
#     to set the Java Heap base and to place the Java Heap above 4GB virtual address.
# This output file may be truncated or incomplete.
#
#  Out of Memory Error (arena.cpp:189), pid=12284, tid=15264
#
# JRE version: Java(TM) SE Runtime Environment (17.0+35) (build 17+35-LTS-2724)
# Java VM: Java HotSpot(TM) 64-Bit Server VM (17+35-LTS-2724, mixed mode, sharing, tiered, compressed oops, compressed class ptrs, g1 gc, windows-amd64)
# No core dump will be written. Minidumps are not enabled by default on client versions of Windows
#

---------------  S U M M A R Y ------------

Command Line: -Dclassworlds.conf=C:\Program Files\Maven\apache-maven-3.9.4\bin\m2.conf -Dmaven.home=C:\Program Files\Maven\apache-maven-3.9.4 -Dlibrary.jansi.path=C:\Program Files\Maven\apache-maven-3.9.4\lib\jansi-native -Dmaven.multiModuleProjectDirectory=D:\Polban\SEMESTER 6\Pengujian Perangkat Lunak\PRAKTEK\Tubes\TubesTestingProject org.codehaus.plexus.classworlds.launcher.Launcher test -Papi

Host: Intel(R) Celeron(R) N4000 CPU @ 1.10GHz, 2 cores, 3G,  Windows 10 , 64 bit Build 22621 (10.0.22621.3527)
Time: Sat May 25 19:25:23 2024 SE Asia Standard Time elapsed time: 31.197464 seconds (0d 0h 0m 31s)

---------------  T H R E A D  ---------------

Current thread (0x00000240d9d45880):  JavaThread "C2 CompilerThread0" daemon [_thread_in_native, id=15264, stack(0x000000d6b0b00000,0x000000d6b0c00000)]


Current CompileTask:
C2:  31197 5097   !   4       org.codehaus.plexus.interpolation.StringSearchInterpolator::interpolate (668 bytes)

Stack: [0x000000d6b0b00000,0x000000d6b0c00000]
Native frames: (J=compiled Java code, j=interpreted, Vv=VM code, C=native code)
V  [jvm.dll+0x66f8ea]
V  [jvm.dll+0x7ce224]
V  [jvm.dll+0x7cf9ce]
V  [jvm.dll+0x7d0033]
V  [jvm.dll+0x242bb5]
V  [jvm.dll+0xaa05b]
V  [jvm.dll+0xaa5ec]
V  [jvm.dll+0x35f9a2]
V  [jvm.dll+0x329f61]
V  [jvm.dll+0x32940a]
V  [jvm.dll+0x215ca1]
V  [jvm.dll+0x2150c1]
V  [jvm.dll+0x1a168d]
V  [jvm.dll+0x2248f8]
V  [jvm.dll+0x222a5c]
V  [jvm.dll+0x78422b]
V  [jvm.dll+0x77e7ea]
V  [jvm.dll+0x66e715]
C  [ucrtbase.dll+0x29333]
C  [KERNEL32.DLL+0x1257d]
C  [ntdll.dll+0x5aa48]


---------------  P R O C E S S  ---------------

Threads class SMR info:
_java_thread_list=0x00000240f6fb2f80, length=17, elements={
0x00000240d9c87dc0, 0x00000240d9d2b990, 0x00000240d9d2c800, 0x00000240d9d3fc70,
0x00000240d9d41830, 0x00000240d9d441f0, 0x00000240d9d44ba0, 0x00000240d9d45880,
0x00000240f498ffb0, 0x00000240d9d4dd10, 0x00000240f49ef250, 0x00000240f49f6570,
0x00000240f6478dd0, 0x00000240f605d4c0, 0x00000240f605d990, 0x00000240f65d9d30,
0x00000240f6c92a30
}

Java Threads: ( => current thread )
  0x00000240d9c87dc0 JavaThread "main" [_thread_in_native, id=9556, stack(0x000000d6afd00000,0x000000d6afe00000)]
  0x00000240d9d2b990 JavaThread "Reference Handler" daemon [_thread_blocked, id=3988, stack(0x000000d6b0500000,0x000000d6b0600000)]
  0x00000240d9d2c800 JavaThread "Finalizer" daemon [_thread_blocked, id=16868, stack(0x000000d6b0600000,0x000000d6b0700000)]
  0x00000240d9d3fc70 JavaThread "Signal Dispatcher" daemon [_thread_blocked, id=9572, stack(0x000000d6b0700000,0x000000d6b0800000)]
  0x00000240d9d41830 JavaThread "Attach Listener" daemon [_thread_blocked, id=9924, stack(0x000000d6b0800000,0x000000d6b0900000)]
  0x00000240d9d441f0 JavaThread "Service Thread" daemon [_thread_blocked, id=19772, stack(0x000000d6b0900000,0x000000d6b0a00000)]
  0x00000240d9d44ba0 JavaThread "Monitor Deflation Thread" daemon [_thread_blocked, id=19884, stack(0x000000d6b0a00000,0x000000d6b0b00000)]
=>0x00000240d9d45880 JavaThread "C2 CompilerThread0" daemon [_thread_in_native, id=15264, stack(0x000000d6b0b00000,0x000000d6b0c00000)]
  0x00000240f498ffb0 JavaThread "C1 CompilerThread0" daemon [_thread_blocked, id=9080, stack(0x000000d6b0c00000,0x000000d6b0d00000)]
  0x00000240d9d4dd10 JavaThread "Sweeper thread" daemon [_thread_blocked, id=17672, stack(0x000000d6b0d00000,0x000000d6b0e00000)]
  0x00000240f49ef250 JavaThread "Notification Thread" daemon [_thread_blocked, id=2944, stack(0x000000d6b0e00000,0x000000d6b0f00000)]
  0x00000240f49f6570 JavaThread "Common-Cleaner" daemon [_thread_blocked, id=23040, stack(0x000000d6b1000000,0x000000d6b1100000)]
  0x00000240f6478dd0 JavaThread "resolver-1" daemon [_thread_blocked, id=3184, stack(0x000000d6b1200000,0x000000d6b1300000)]
  0x00000240f605d4c0 JavaThread "resolver-2" daemon [_thread_blocked, id=16812, stack(0x000000d6b1300000,0x000000d6b1400000)]
  0x00000240f605d990 JavaThread "resolver-3" daemon [_thread_blocked, id=3276, stack(0x000000d6b1400000,0x000000d6b1500000)]
  0x00000240f65d9d30 JavaThread "resolver-4" daemon [_thread_blocked, id=14552, stack(0x000000d6b1500000,0x000000d6b1600000)]
  0x00000240f6c92a30 JavaThread "resolver-5" daemon [_thread_blocked, id=20008, stack(0x000000d6b1600000,0x000000d6b1700000)]

Other Threads:
  0x00000240d9d255f0 VMThread "VM Thread" [stack: 0x000000d6b0400000,0x000000d6b0500000] [id=3428]
  0x00000240f49f22d0 WatcherThread [stack: 0x000000d6b0f00000,0x000000d6b1000000] [id=17112]
  0x00000240d9cb3f10 GCTaskThread "GC Thread#0" [stack: 0x000000d6aff00000,0x000000d6b0000000] [id=2440]
  0x00000240f57ad330 GCTaskThread "GC Thread#1" [stack: 0x000000d6b1100000,0x000000d6b1200000] [id=20920]
  0x00000240d9cbd8e0 ConcurrentGCThread "G1 Main Marker" [stack: 0x000000d6b0000000,0x000000d6b0100000] [id=22776]
  0x00000240d9cbe2f0 ConcurrentGCThread "G1 Conc#0" [stack: 0x000000d6b0100000,0x000000d6b0200000] [id=4132]
  0x00000240d9cf1dc0 ConcurrentGCThread "G1 Refine#0" [stack: 0x000000d6b0200000,0x000000d6b0300000] [id=19780]
  0x00000240d9cf27e0 ConcurrentGCThread "G1 Service" [stack: 0x000000d6b0300000,0x000000d6b0400000] [id=19452]

Threads with active compile tasks:
C2 CompilerThread0    31283 5097   !   4       org.codehaus.plexus.interpolation.StringSearchInterpolator::interpolate (668 bytes)

VM state: not at safepoint (normal execution)

VM Mutex/Monitor currently owned by a thread: None

Heap address: 0x00000000c2c00000, size: 980 MB, Compressed Oops mode: 32-bit

CDS archive(s) mapped at: [0x0000000800000000-0x0000000800bc0000-0x0000000800bc0000), size 12320768, SharedBaseAddress: 0x0000000800000000, ArchiveRelocationMode: 0.
Compressed class space mapped at: 0x0000000800c00000-0x0000000840c00000, reserved size: 1073741824
Narrow klass base: 0x0000000800000000, Narrow klass shift: 0, Narrow klass range: 0x100000000

GC Precious Log:
 CPUs: 2 total, 2 available
 Memory: 3918M
 Large Page Support: Disabled
 NUMA Support: Disabled
 Compressed Oops: Enabled (32-bit)
 Heap Region Size: 1M
 Heap Min Capacity: 8M
 Heap Initial Capacity: 62M
 Heap Max Capacity: 980M
 Pre-touch: Disabled
 Parallel Workers: 2
 Concurrent Workers: 1
 Concurrent Refinement Workers: 2
 Periodic GC: Disabled

Heap:
 garbage-first heap   total 63488K, used 34557K [0x00000000c2c00000, 0x0000000100000000)
  region size 1024K, 23 young (23552K), 4 survivors (4096K)
 Metaspace       used 19553K, committed 19776K, reserved 1073152K
  class space    used 2158K, committed 2240K, reserved 1048576K

Heap Regions: E=young(eden), S=young(survivor), O=old, HS=humongous(starts), HC=humongous(continues), CS=collection set, F=free, OA=open archive, CA=closed archive, TAMS=top-at-mark-start (previous, next)
|   0|0x00000000c2c00000, 0x00000000c2d00000, 0x00000000c2d00000|100%| O|  |TAMS 0x00000000c2c00000, 0x00000000c2c00000| Untracked 
|   1|0x00000000c2d00000, 0x00000000c2e00000, 0x00000000c2e00000|100%| O|  |TAMS 0x00000000c2d00000, 0x00000000c2d00000| Untracked 
|   2|0x00000000c2e00000, 0x00000000c2f00000, 0x00000000c2f00000|100%| O|  |TAMS 0x00000000c2e00000, 0x00000000c2e00000| Untracked 
|   3|0x00000000c2f00000, 0x00000000c3000000, 0x00000000c3000000|100%| O|  |TAMS 0x00000000c2f00000, 0x00000000c2f00000| Untracked 
|   4|0x00000000c3000000, 0x00000000c3100000, 0x00000000c3100000|100%| O|  |TAMS 0x00000000c3000000, 0x00000000c3000000| Untracked 
|   5|0x00000000c3100000, 0x00000000c3200000, 0x00000000c3200000|100%| O|  |TAMS 0x00000000c3100000, 0x00000000c3100000| Untracked 
|   6|0x00000000c3200000, 0x00000000c3300000, 0x00000000c3300000|100%| O|  |TAMS 0x00000000c3200000, 0x00000000c3200000| Untracked 
|   7|0x00000000c3300000, 0x00000000c3400000, 0x00000000c3400000|100%| O|  |TAMS 0x00000000c3300000, 0x00000000c3300000| Untracked 
|   8|0x00000000c3400000, 0x00000000c3500000, 0x00000000c3500000|100%| O|  |TAMS 0x00000000c3400000, 0x00000000c3400000| Untracked 
|   9|0x00000000c3500000, 0x00000000c3600000, 0x00000000c3600000|100%| O|  |TAMS 0x00000000c3500000, 0x00000000c3500000| Untracked 
|  10|0x00000000c3600000, 0x00000000c3700000, 0x00000000c3700000|100%| O|  |TAMS 0x00000000c3600000, 0x00000000c3600000| Untracked 
|  11|0x00000000c3700000, 0x00000000c3800000, 0x00000000c3800000|100%| O|  |TAMS 0x00000000c3700000, 0x00000000c3700000| Untracked 
|  12|0x00000000c3800000, 0x00000000c3800000, 0x00000000c3900000|  0%| F|  |TAMS 0x00000000c3800000, 0x00000000c3800000| Untracked 
|  13|0x00000000c3900000, 0x00000000c3900000, 0x00000000c3a00000|  0%| F|  |TAMS 0x00000000c3900000, 0x00000000c3900000| Untracked 
|  14|0x00000000c3a00000, 0x00000000c3a00000, 0x00000000c3b00000|  0%| F|  |TAMS 0x00000000c3a00000, 0x00000000c3a00000| Untracked 
|  15|0x00000000c3b00000, 0x00000000c3b00000, 0x00000000c3c00000|  0%| F|  |TAMS 0x00000000c3b00000, 0x00000000c3b00000| Untracked 
|  16|0x00000000c3c00000, 0x00000000c3c00000, 0x00000000c3d00000|  0%| F|  |TAMS 0x00000000c3c00000, 0x00000000c3c00000| Untracked 
|  17|0x00000000c3d00000, 0x00000000c3d00000, 0x00000000c3e00000|  0%| F|  |TAMS 0x00000000c3d00000, 0x00000000c3d00000| Untracked 
|  18|0x00000000c3e00000, 0x00000000c3e00000, 0x00000000c3f00000|  0%| F|  |TAMS 0x00000000c3e00000, 0x00000000c3e00000| Untracked 
|  19|0x00000000c3f00000, 0x00000000c3f00000, 0x00000000c4000000|  0%| F|  |TAMS 0x00000000c3f00000, 0x00000000c3f00000| Untracked 
|  20|0x00000000c4000000, 0x00000000c4000000, 0x00000000c4100000|  0%| F|  |TAMS 0x00000000c4000000, 0x00000000c4000000| Untracked 
|  21|0x00000000c4100000, 0x00000000c4100000, 0x00000000c4200000|  0%| F|  |TAMS 0x00000000c4100000, 0x00000000c4100000| Untracked 
|  22|0x00000000c4200000, 0x00000000c42bf7f0, 0x00000000c4300000| 74%| S|CS|TAMS 0x00000000c4200000, 0x00000000c4200000| Complete 
|  23|0x00000000c4300000, 0x00000000c4400000, 0x00000000c4400000|100%| S|CS|TAMS 0x00000000c4300000, 0x00000000c4300000| Complete 
|  24|0x00000000c4400000, 0x00000000c4500000, 0x00000000c4500000|100%| S|CS|TAMS 0x00000000c4400000, 0x00000000c4400000| Complete 
|  25|0x00000000c4500000, 0x00000000c4500000, 0x00000000c4600000|  0%| F|  |TAMS 0x00000000c4500000, 0x00000000c4500000| Untracked 
|  26|0x00000000c4600000, 0x00000000c4600000, 0x00000000c4700000|  0%| F|  |TAMS 0x00000000c4600000, 0x00000000c4600000| Untracked 
|  27|0x00000000c4700000, 0x00000000c4700000, 0x00000000c4800000|  0%| F|  |TAMS 0x00000000c4700000, 0x00000000c4700000| Untracked 
|  28|0x00000000c4800000, 0x00000000c4800000, 0x00000000c4900000|  0%| F|  |TAMS 0x00000000c4800000, 0x00000000c4800000| Untracked 
|  29|0x00000000c4900000, 0x00000000c4a00000, 0x00000000c4a00000|100%| S|CS|TAMS 0x00000000c4900000, 0x00000000c4900000| Complete 
|  30|0x00000000c4a00000, 0x00000000c4a00000, 0x00000000c4b00000|  0%| F|  |TAMS 0x00000000c4a00000, 0x00000000c4a00000| Untracked 
|  31|0x00000000c4b00000, 0x00000000c4b00000, 0x00000000c4c00000|  0%| F|  |TAMS 0x00000000c4b00000, 0x00000000c4b00000| Untracked 
|  32|0x00000000c4c00000, 0x00000000c4c00000, 0x00000000c4d00000|  0%| F|  |TAMS 0x00000000c4c00000, 0x00000000c4c00000| Untracked 
|  33|0x00000000c4d00000, 0x00000000c4d00000, 0x00000000c4e00000|  0%| F|  |TAMS 0x00000000c4d00000, 0x00000000c4d00000| Untracked 
|  34|0x00000000c4e00000, 0x00000000c4e00000, 0x00000000c4f00000|  0%| F|  |TAMS 0x00000000c4e00000, 0x00000000c4e00000| Untracked 
|  35|0x00000000c4f00000, 0x00000000c4f00000, 0x00000000c5000000|  0%| F|  |TAMS 0x00000000c4f00000, 0x00000000c4f00000| Untracked 
|  36|0x00000000c5000000, 0x00000000c5000000, 0x00000000c5100000|  0%| F|  |TAMS 0x00000000c5000000, 0x00000000c5000000| Untracked 
|  37|0x00000000c5100000, 0x00000000c5100000, 0x00000000c5200000|  0%| F|  |TAMS 0x00000000c5100000, 0x00000000c5100000| Untracked 
|  38|0x00000000c5200000, 0x00000000c5200000, 0x00000000c5300000|  0%| F|  |TAMS 0x00000000c5200000, 0x00000000c5200000| Untracked 
|  39|0x00000000c5300000, 0x00000000c5300000, 0x00000000c5400000|  0%| F|  |TAMS 0x00000000c5300000, 0x00000000c5300000| Untracked 
|  40|0x00000000c5400000, 0x00000000c5400000, 0x00000000c5500000|  0%| F|  |TAMS 0x00000000c5400000, 0x00000000c5400000| Untracked 
|  41|0x00000000c5500000, 0x00000000c5500000, 0x00000000c5600000|  0%| F|  |TAMS 0x00000000c5500000, 0x00000000c5500000| Untracked 
|  42|0x00000000c5600000, 0x00000000c5600000, 0x00000000c5700000|  0%| F|  |TAMS 0x00000000c5600000, 0x00000000c5600000| Untracked 
|  43|0x00000000c5700000, 0x00000000c5780800, 0x00000000c5800000| 50%| E|  |TAMS 0x00000000c5700000, 0x00000000c5700000| Complete 
|  44|0x00000000c5800000, 0x00000000c5900000, 0x00000000c5900000|100%| E|CS|TAMS 0x00000000c5800000, 0x00000000c5800000| Complete 
|  45|0x00000000c5900000, 0x00000000c5a00000, 0x00000000c5a00000|100%| E|CS|TAMS 0x00000000c5900000, 0x00000000c5900000| Complete 
|  46|0x00000000c5a00000, 0x00000000c5b00000, 0x00000000c5b00000|100%| E|CS|TAMS 0x00000000c5a00000, 0x00000000c5a00000| Complete 
|  47|0x00000000c5b00000, 0x00000000c5c00000, 0x00000000c5c00000|100%| E|CS|TAMS 0x00000000c5b00000, 0x00000000c5b00000| Complete 
|  48|0x00000000c5c00000, 0x00000000c5d00000, 0x00000000c5d00000|100%| E|CS|TAMS 0x00000000c5c00000, 0x00000000c5c00000| Complete 
|  49|0x00000000c5d00000, 0x00000000c5e00000, 0x00000000c5e00000|100%| E|CS|TAMS 0x00000000c5d00000, 0x00000000c5d00000| Complete 
|  50|0x00000000c5e00000, 0x00000000c5f00000, 0x00000000c5f00000|100%| E|CS|TAMS 0x00000000c5e00000, 0x00000000c5e00000| Complete 
|  51|0x00000000c5f00000, 0x00000000c6000000, 0x00000000c6000000|100%| E|CS|TAMS 0x00000000c5f00000, 0x00000000c5f00000| Complete 
|  52|0x00000000c6000000, 0x00000000c6100000, 0x00000000c6100000|100%| E|CS|TAMS 0x00000000c6000000, 0x00000000c6000000| Complete 
|  53|0x00000000c6100000, 0x00000000c6200000, 0x00000000c6200000|100%| E|CS|TAMS 0x00000000c6100000, 0x00000000c6100000| Complete 
|  54|0x00000000c6200000, 0x00000000c6300000, 0x00000000c6300000|100%| E|CS|TAMS 0x00000000c6200000, 0x00000000c6200000| Complete 
|  55|0x00000000c6300000, 0x00000000c6400000, 0x00000000c6400000|100%| E|CS|TAMS 0x00000000c6300000, 0x00000000c6300000| Complete 
|  56|0x00000000c6400000, 0x00000000c6500000, 0x00000000c6500000|100%| E|CS|TAMS 0x00000000c6400000, 0x00000000c6400000| Complete 
|  57|0x00000000c6500000, 0x00000000c6600000, 0x00000000c6600000|100%| E|CS|TAMS 0x00000000c6500000, 0x00000000c6500000| Complete 
|  58|0x00000000c6600000, 0x00000000c6700000, 0x00000000c6700000|100%| E|CS|TAMS 0x00000000c6600000, 0x00000000c6600000| Complete 
|  59|0x00000000c6700000, 0x00000000c6800000, 0x00000000c6800000|100%| E|CS|TAMS 0x00000000c6700000, 0x00000000c6700000| Complete 
|  60|0x00000000c6800000, 0x00000000c6900000, 0x00000000c6900000|100%| E|CS|TAMS 0x00000000c6800000, 0x00000000c6800000| Complete 
|  61|0x00000000c6900000, 0x00000000c6a00000, 0x00000000c6a00000|100%| E|CS|TAMS 0x00000000c6900000, 0x00000000c6900000| Complete 

Card table byte_map: [0x00000240f0480000,0x00000240f0670000] _byte_map_base: 0x00000240efe6a000

Marking Bits (Prev, Next): (CMBitMap*) 0x00000240d9cb5530, (CMBitMap*) 0x00000240d9cb5570
 Prev Bits: [0x00000240f0860000, 0x00000240f17b0000)
 Next Bits: [0x00000240f17b0000, 0x00000240f2700000)

Polling page: 0x00000240d9450000

Metaspace:

Usage:
  Non-class:     16.99 MB used.
      Class:      2.11 MB used.
       Both:     19.09 MB used.

Virtual space:
  Non-class space:       24.00 MB reserved,      17.12 MB ( 71%) committed,  3 nodes.
      Class space:        1.00 GB reserved,       2.19 MB ( <1%) committed,  1 nodes.
             Both:        1.02 GB reserved,      19.31 MB (  2%) committed. 

Chunk freelists:
   Non-Class:  2.12 MB
       Class:  1.70 MB
        Both:  3.83 MB

MaxMetaspaceSize: unlimited
CompressedClassSpaceSize: 1.00 GB
Initial GC threshold: 21.00 MB
Current GC threshold: 21.00 MB
CDS: on
MetaspaceReclaimPolicy: balanced
 - commit_granule_bytes: 65536.
 - commit_granule_words: 8192.
 - virtual_space_node_default_size: 1048576.
 - enlarge_chunks_in_place: 1.
 - new_chunks_are_fully_committed: 0.
 - uncommit_free_chunks: 1.
 - use_allocation_guard: 0.
 - handle_deallocations: 1.


Internal statistics:

num_allocs_failed_limit: 0.
num_arena_births: 138.
num_arena_deaths: 0.
num_vsnodes_births: 4.
num_vsnodes_deaths: 0.
num_space_committed: 309.
num_space_uncommitted: 0.
num_chunks_returned_to_freelist: 0.
num_chunks_taken_from_freelist: 819.
num_chunk_merges: 0.
num_chunk_splits: 562.
num_chunks_enlarged: 449.
num_purges: 0.
num_inconsistent_stats: 0.

CodeHeap 'non-profiled nmethods': size=120064Kb used=2857Kb max_used=2857Kb free=117206Kb
 bounds [0x00000240e8f40000, 0x00000240e9210000, 0x00000240f0480000]
CodeHeap 'profiled nmethods': size=120000Kb used=11834Kb max_used=11834Kb free=108165Kb
 bounds [0x00000240e1a10000, 0x00000240e25a0000, 0x00000240e8f40000]
CodeHeap 'non-nmethods': size=5696Kb used=1197Kb max_used=1229Kb free=4498Kb
 bounds [0x00000240e1480000, 0x00000240e16f0000, 0x00000240e1a10000]
 total_blobs=5606 nmethods=5107 adapters=412
 compilation: enabled
              stopped_count=0, restarted_count=0
 full_count=0

Compilation events (20 events):
Event: 30.946 Thread 0x00000240f498ffb0 5113       3       org.apache.maven.model.interpolation.AbstractStringBasedModelInterpolator::createValueSources (302 bytes)
Event: 30.953 Thread 0x00000240f498ffb0 nmethod 5113 0x00000240e258e710 code [0x00000240e258eda0, 0x00000240e25939b8]
Event: 30.953 Thread 0x00000240f498ffb0 5114       3       org.codehaus.plexus.interpolation.AbstractDelegatingValueSource::<init> (24 bytes)
Event: 30.953 Thread 0x00000240f498ffb0 nmethod 5114 0x00000240e2595590 code [0x00000240e2595740, 0x00000240e2595a08]
Event: 30.954 Thread 0x00000240f498ffb0 5115       3       org.apache.maven.model.interpolation.AbstractStringBasedModelInterpolator::createPostProcessors (62 bytes)
Event: 30.955 Thread 0x00000240f498ffb0 nmethod 5115 0x00000240e2595b10 code [0x00000240e2595d80, 0x00000240e2596be8]
Event: 30.956 Thread 0x00000240f498ffb0 5116       3       org.apache.maven.model.interpolation.StringVisitorModelInterpolator::createInterpolator (126 bytes)
Event: 30.957 Thread 0x00000240f498ffb0 nmethod 5116 0x00000240e2597110 code [0x00000240e25973e0, 0x00000240e25986d8]
Event: 30.959 Thread 0x00000240f498ffb0 5117       3       org.apache.maven.model.interpolation.StringVisitorModelInterpolator$ModelVisitor::<init> (10 bytes)
Event: 30.959 Thread 0x00000240f498ffb0 nmethod 5117 0x00000240e2598c90 code [0x00000240e2598e20, 0x00000240e2598fd8]
Event: 30.960 Thread 0x00000240f498ffb0 5118       3       org.apache.maven.model.path.DefaultModelUrlNormalizer::normalize (100 bytes)
Event: 30.961 Thread 0x00000240f498ffb0 nmethod 5118 0x00000240e2599090 code [0x00000240e2599300, 0x00000240e2599e08]
Event: 30.961 Thread 0x00000240f498ffb0 5119       3       org.apache.maven.model.building.DefaultModelBuildingResult::setEffectiveModel (7 bytes)
Event: 30.961 Thread 0x00000240f498ffb0 nmethod 5119 0x00000240e259a290 code [0x00000240e259a420, 0x00000240e259a578]
Event: 30.962 Thread 0x00000240f498ffb0 5120       3       org.apache.maven.model.building.DefaultModelBuilder::build (236 bytes)
Event: 30.964 Thread 0x00000240f498ffb0 nmethod 5120 0x00000240e259a610 code [0x00000240e259a960, 0x00000240e259b9d8]
Event: 30.971 Thread 0x00000240f498ffb0 5121       3       org.apache.maven.model.MailingList::setLocation (288 bytes)
Event: 30.972 Thread 0x00000240f498ffb0 nmethod 5121 0x00000240e259c290 code [0x00000240e259c5c0, 0x00000240e259dcb8]
Event: 31.076 Thread 0x00000240f498ffb0 5122       3       org.eclipse.sisu.plexus.DefaultPlexusBeans$Itr::hasNext (10 bytes)
Event: 31.076 Thread 0x00000240f498ffb0 nmethod 5122 0x00000240e259e090 code [0x00000240e259e240, 0x00000240e259e408]

GC Heap History (18 events):
Event: 4.100 GC heap before
{Heap before GC invocations=0 (full 0):
 garbage-first heap   total 63488K, used 5120K [0x00000000c2c00000, 0x0000000100000000)
  region size 1024K, 6 young (6144K), 0 survivors (0K)
 Metaspace       used 1816K, committed 1984K, reserved 1056768K
  class space    used 169K, committed 256K, reserved 1048576K
}
Event: 4.477 GC heap after
{Heap after GC invocations=1 (full 0):
 garbage-first heap   total 63488K, used 2035K [0x00000000c2c00000, 0x0000000100000000)
  region size 1024K, 1 young (1024K), 1 survivors (1024K)
 Metaspace       used 1816K, committed 1984K, reserved 1056768K
  class space    used 169K, committed 256K, reserved 1048576K
}
Event: 6.319 GC heap before
{Heap before GC invocations=1 (full 0):
 garbage-first heap   total 63488K, used 6131K [0x00000000c2c00000, 0x0000000100000000)
  region size 1024K, 5 young (5120K), 1 survivors (1024K)
 Metaspace       used 2792K, committed 2944K, reserved 1056768K
  class space    used 290K, committed 320K, reserved 1048576K
}
Event: 6.324 GC heap after
{Heap after GC invocations=2 (full 0):
 garbage-first heap   total 63488K, used 3149K [0x00000000c2c00000, 0x0000000100000000)
  region size 1024K, 1 young (1024K), 1 survivors (1024K)
 Metaspace       used 2792K, committed 2944K, reserved 1056768K
  class space    used 290K, committed 320K, reserved 1048576K
}
Event: 8.991 GC heap before
{Heap before GC invocations=2 (full 0):
 garbage-first heap   total 63488K, used 12365K [0x00000000c2c00000, 0x0000000100000000)
  region size 1024K, 10 young (10240K), 1 survivors (1024K)
 Metaspace       used 5401K, committed 5568K, reserved 1056768K
  class space    used 636K, committed 704K, reserved 1048576K
}
Event: 8.997 GC heap after
{Heap after GC invocations=3 (full 0):
 garbage-first heap   total 63488K, used 3746K [0x00000000c2c00000, 0x0000000100000000)
  region size 1024K, 2 young (2048K), 2 survivors (2048K)
 Metaspace       used 5401K, committed 5568K, reserved 1056768K
  class space    used 636K, committed 704K, reserved 1048576K
}
Event: 12.742 GC heap before
{Heap before GC invocations=3 (full 0):
 garbage-first heap   total 63488K, used 38562K [0x00000000c2c00000, 0x0000000100000000)
  region size 1024K, 36 young (36864K), 2 survivors (2048K)
 Metaspace       used 9538K, committed 9664K, reserved 1064960K
  class space    used 1156K, committed 1216K, reserved 1048576K
}
Event: 12.757 GC heap after
{Heap after GC invocations=4 (full 0):
 garbage-first heap   total 63488K, used 5197K [0x00000000c2c00000, 0x0000000100000000)
  region size 1024K, 3 young (3072K), 3 survivors (3072K)
 Metaspace       used 9538K, committed 9664K, reserved 1064960K
  class space    used 1156K, committed 1216K, reserved 1048576K
}
Event: 17.826 GC heap before
{Heap before GC invocations=4 (full 0):
 garbage-first heap   total 63488K, used 40013K [0x00000000c2c00000, 0x0000000100000000)
  region size 1024K, 37 young (37888K), 3 survivors (3072K)
 Metaspace       used 15108K, committed 15360K, reserved 1064960K
  class space    used 1820K, committed 1920K, reserved 1048576K
}
Event: 17.851 GC heap after
{Heap after GC invocations=5 (full 0):
 garbage-first heap   total 63488K, used 8317K [0x00000000c2c00000, 0x0000000100000000)
  region size 1024K, 5 young (5120K), 5 survivors (5120K)
 Metaspace       used 15108K, committed 15360K, reserved 1064960K
  class space    used 1820K, committed 1920K, reserved 1048576K
}
Event: 20.278 GC heap before
{Heap before GC invocations=5 (full 0):
 garbage-first heap   total 63488K, used 41085K [0x00000000c2c00000, 0x0000000100000000)
  region size 1024K, 37 young (37888K), 5 survivors (5120K)
 Metaspace       used 15675K, committed 15872K, reserved 1064960K
  class space    used 1835K, committed 1920K, reserved 1048576K
}
Event: 20.299 GC heap after
{Heap after GC invocations=6 (full 0):
 garbage-first heap   total 63488K, used 10680K [0x00000000c2c00000, 0x0000000100000000)
  region size 1024K, 3 young (3072K), 3 survivors (3072K)
 Metaspace       used 15675K, committed 15872K, reserved 1064960K
  class space    used 1835K, committed 1920K, reserved 1048576K
}
Event: 22.532 GC heap before
{Heap before GC invocations=6 (full 0):
 garbage-first heap   total 63488K, used 45496K [0x00000000c2c00000, 0x0000000100000000)
  region size 1024K, 37 young (37888K), 3 survivors (3072K)
 Metaspace       used 15976K, committed 16192K, reserved 1064960K
  class space    used 1839K, committed 1920K, reserved 1048576K
}
Event: 22.549 GC heap after
{Heap after GC invocations=7 (full 0):
 garbage-first heap   total 63488K, used 12288K [0x00000000c2c00000, 0x0000000100000000)
  region size 1024K, 4 young (4096K), 4 survivors (4096K)
 Metaspace       used 15976K, committed 16192K, reserved 1064960K
  class space    used 1839K, committed 1920K, reserved 1048576K
}
Event: 24.897 GC heap before
{Heap before GC invocations=7 (full 0):
 garbage-first heap   total 63488K, used 46080K [0x00000000c2c00000, 0x0000000100000000)
  region size 1024K, 37 young (37888K), 4 survivors (4096K)
 Metaspace       used 17103K, committed 17344K, reserved 1064960K
  class space    used 1947K, committed 2048K, reserved 1048576K
}
Event: 24.913 GC heap after
{Heap after GC invocations=8 (full 0):
 garbage-first heap   total 63488K, used 14694K [0x00000000c2c00000, 0x0000000100000000)
  region size 1024K, 5 young (5120K), 5 survivors (5120K)
 Metaspace       used 17103K, committed 17344K, reserved 1064960K
  class space    used 1947K, committed 2048K, reserved 1048576K
}
Event: 29.019 GC heap before
{Heap before GC invocations=8 (full 0):
 garbage-first heap   total 63488K, used 47462K [0x00000000c2c00000, 0x0000000100000000)
  region size 1024K, 37 young (37888K), 5 survivors (5120K)
 Metaspace       used 18329K, committed 18624K, reserved 1073152K
  class space    used 2041K, committed 2176K, reserved 1048576K
}
Event: 29.033 GC heap after
{Heap after GC invocations=9 (full 0):
 garbage-first heap   total 63488K, used 16125K [0x00000000c2c00000, 0x0000000100000000)
  region size 1024K, 4 young (4096K), 4 survivors (4096K)
 Metaspace       used 18329K, committed 18624K, reserved 1073152K
  class space    used 2041K, committed 2176K, reserved 1048576K
}

Deoptimization events (20 events):
Event: 30.373 Thread 0x00000240d9c87dc0 Uncommon trap: trap_request=0xffffff45 fr.pc=0x00000240e90d8ea0 relative=0x0000000000001a60
Event: 30.373 Thread 0x00000240d9c87dc0 Uncommon trap: reason=unstable_if action=reinterpret pc=0x00000240e90d8ea0 method=org.apache.maven.model.ConfigurationContainer.setLocation(Ljava/lang/Object;Lorg/apache/maven/model/InputLocation;)V @ 96 c2
Event: 30.373 Thread 0x00000240d9c87dc0 DEOPT PACKING pc=0x00000240e90d8ea0 sp=0x000000d6afdfca90
Event: 30.373 Thread 0x00000240d9c87dc0 DEOPT UNPACKING pc=0x00000240e14d239d sp=0x000000d6afdfca90 mode 2
Event: 30.373 Thread 0x00000240d9c87dc0 Uncommon trap: trap_request=0xffffff45 fr.pc=0x00000240e9129fe8 relative=0x0000000000003d68
Event: 30.373 Thread 0x00000240d9c87dc0 Uncommon trap: reason=unstable_if action=reinterpret pc=0x00000240e9129fe8 method=org.codehaus.plexus.util.xml.Xpp3DomBuilder.build(Lorg/codehaus/plexus/util/xml/pull/XmlPullParser;ZLorg/codehaus/plexus/util/xml/Xpp3DomBuilder$InputLocationBuilder;)Lorg/c
Event: 30.373 Thread 0x00000240d9c87dc0 DEOPT PACKING pc=0x00000240e9129fe8 sp=0x000000d6afdfca60
Event: 30.373 Thread 0x00000240d9c87dc0 DEOPT UNPACKING pc=0x00000240e14d239d sp=0x000000d6afdfca48 mode 2
Event: 30.453 Thread 0x00000240d9c87dc0 Uncommon trap: trap_request=0xffffff45 fr.pc=0x00000240e918ac30 relative=0x0000000000000d10
Event: 30.453 Thread 0x00000240d9c87dc0 Uncommon trap: reason=unstable_if action=reinterpret pc=0x00000240e918ac30 method=org.apache.maven.model.Contributor.clone()Lorg/apache/maven/model/Contributor; @ 65 c2
Event: 30.453 Thread 0x00000240d9c87dc0 DEOPT PACKING pc=0x00000240e918ac30 sp=0x000000d6afdfc9b0
Event: 30.453 Thread 0x00000240d9c87dc0 DEOPT UNPACKING pc=0x00000240e14d239d sp=0x000000d6afdfc948 mode 2
Event: 30.549 Thread 0x00000240d9c87dc0 DEOPT PACKING pc=0x00000240e243749a sp=0x000000d6afdfc380
Event: 30.549 Thread 0x00000240d9c87dc0 DEOPT UNPACKING pc=0x00000240e14d2b24 sp=0x000000d6afdfb880 mode 0
Event: 30.704 Thread 0x00000240f605d4c0 Uncommon trap: trap_request=0xfffffff4 fr.pc=0x00000240e90ddbd4 relative=0x0000000000000ab4
Event: 30.704 Thread 0x00000240f605d4c0 Uncommon trap: reason=null_check action=make_not_entrant pc=0x00000240e90ddbd4 method=com.google.inject.internal.InjectorImpl.enterContext()Lcom/google/inject/internal/InternalContext; @ 7 c2
Event: 30.704 Thread 0x00000240f605d4c0 DEOPT PACKING pc=0x00000240e90ddbd4 sp=0x000000d6b13fe5b0
Event: 30.704 Thread 0x00000240f605d4c0 DEOPT UNPACKING pc=0x00000240e14d239d sp=0x000000d6b13fe528 mode 2
Event: 30.709 Thread 0x00000240f605d4c0 DEOPT PACKING pc=0x00000240e1e0b762 sp=0x000000d6b13feeb0
Event: 30.709 Thread 0x00000240f605d4c0 DEOPT UNPACKING pc=0x00000240e14d2b24 sp=0x000000d6b13fe348 mode 3

Classes unloaded (0 events):
No events

Classes redefined (0 events):
No events

Internal exceptions (20 events):
Event: 14.343 Thread 0x00000240d9c87dc0 Exception <a 'java/lang/NoSuchMethodError'{0x00000000c648e6d8}: 'int java.lang.invoke.DirectMethodHandle$Holder.invokeSpecial(java.lang.Object, java.lang.Object, java.lang.Object, java.lang.Object)'> (0x00000000c648e6d8) 
thrown [t:\workspace\open\src\hotspot\share\interpreter\linkResolver.cpp, line 766]
Event: 15.312 Thread 0x00000240d9c87dc0 Exception <a 'java/lang/NoClassDefFoundError'{0x00000000c5c7d980}: com/google/inject/servlet/ServletModuleTargetVisitor> (0x00000000c5c7d980) 
thrown [t:\workspace\open\src\hotspot\share\classfile\systemDictionary.cpp, line 245]
Event: 15.841 Thread 0x00000240d9c87dc0 Exception <a 'java/lang/NoSuchMethodError'{0x00000000c5a0b000}: 'void java.lang.invoke.DirectMethodHandle$Holder.invokeVirtual(java.lang.Object, java.lang.Object)'> (0x00000000c5a0b000) 
thrown [t:\workspace\open\src\hotspot\share\interpreter\linkResolver.cpp, line 766]
Event: 15.952 Thread 0x00000240d9c87dc0 Exception <a 'java/lang/NoSuchMethodError'{0x00000000c5a83ff8}: 'java.lang.Object java.lang.invoke.DirectMethodHandle$Holder.invokeStaticInit(java.lang.Object, int, int, int, int)'> (0x00000000c5a83ff8) 
thrown [t:\workspace\open\src\hotspot\share\interpreter\linkResolver.cpp, line 766]
Event: 22.844 Thread 0x00000240d9c87dc0 Implicit null exception at 0x00000240e8fe8e6a to 0x00000240e8fe9030
Event: 22.844 Thread 0x00000240d9c87dc0 Implicit null exception at 0x00000240e8fe6fea to 0x00000240e8fe71b0
Event: 22.844 Thread 0x00000240d9c87dc0 Implicit null exception at 0x00000240e8fcf10f to 0x00000240e8fcf189
Event: 23.152 Thread 0x00000240d9c87dc0 Exception <a 'java/lang/NoSuchMethodError'{0x00000000c63f97d0}: 'java.lang.Object java.lang.invoke.DirectMethodHandle$Holder.newInvokeSpecial(java.lang.Object, java.lang.Object, java.lang.Object, java.lang.Object, java.lang.Object, java.lang.Object, java.lang.Object)'> (0x00000000c63f97d0) 
thrown [t:\workspace\open\src\hotspot\share\interpreter\linkResolver.cpp, line 766]
Event: 23.153 Thread 0x00000240d9c87dc0 Exception <a 'java/lang/NoSuchMethodError'{0x00000000c63fe0e0}: 'java.lang.Object java.lang.invoke.Invokers$Holder.linkToTargetMethod(java.lang.Object, java.lang.Object, java.lang.Object, java.lang.Object, java.lang.Object, java.lang.Object, java.lang.Object)'> (0x00000000c63fe0e0) 
thrown [t:\workspace\open\src\hotspot\share\interpreter\linkResolver.cpp, line 766]
Event: 24.605 Thread 0x00000240d9c87dc0 Exception <a 'java/lang/NoSuchMethodError'{0x00000000c4d60540}: 'java.lang.Object java.lang.invoke.DirectMethodHandle$Holder.invokeVirtual(java.lang.Object, java.lang.Object, java.lang.Object)'> (0x00000000c4d60540) 
thrown [t:\workspace\open\src\hotspot\share\interpreter\linkResolver.cpp, line 766]
Event: 24.607 Thread 0x00000240d9c87dc0 Exception <a 'java/lang/NoSuchMethodError'{0x00000000c4d67b38}: 'void java.lang.invoke.DirectMethodHandle$Holder.invokeSpecial(java.lang.Object, java.lang.Object, java.lang.Object, java.lang.Object, java.lang.Object, java.lang.Object)'> (0x00000000c4d67b38) 
thrown [t:\workspace\open\src\hotspot\share\interpreter\linkResolver.cpp, line 766]
Event: 24.610 Thread 0x00000240d9c87dc0 Exception <a 'java/lang/NoSuchMethodError'{0x00000000c4d731d0}: 'int java.lang.invoke.DirectMethodHandle$Holder.invokeVirtual(java.lang.Object, java.lang.Object)'> (0x00000000c4d731d0) 
thrown [t:\workspace\open\src\hotspot\share\interpreter\linkResolver.cpp, line 766]
Event: 25.024 Thread 0x00000240d9c87dc0 Implicit null exception at 0x00000240e8f76ff2 to 0x00000240e8f77518
Event: 29.079 Thread 0x00000240d9c87dc0 Exception <a 'java/lang/NoSuchMethodError'{0x00000000c69ec458}: 'java.lang.String org.apache.maven.execution.MavenExecutionRequest.getFailureBehavior()'> (0x00000000c69ec458) 
thrown [t:\workspace\open\src\hotspot\share\interpreter\linkResolver.cpp, line 862]
Event: 29.139 Thread 0x00000240f5fa8010 Exception <a 'java/lang/NoSuchMethodError'{0x00000000c693da48}: 'java.lang.Object java.lang.invoke.DirectMethodHandle$Holder.invokeStaticInit(java.lang.Object, java.lang.Object, long, java.lang.Object)'> (0x00000000c693da48) 
thrown [t:\workspace\open\src\hotspot\share\interpreter\linkResolver.cpp, line 766]
Event: 29.152 Thread 0x00000240f5fa8010 Exception <a 'java/lang/NoSuchMethodError'{0x00000000c6944320}: 'java.lang.Object java.lang.invoke.DirectMethodHandle$Holder.newInvokeSpecial(java.lang.Object, java.lang.Object, long)'> (0x00000000c6944320) 
thrown [t:\workspace\open\src\hotspot\share\interpreter\linkResolver.cpp, line 766]
Event: 29.153 Thread 0x00000240f5fa8010 Exception <a 'java/lang/NoSuchMethodError'{0x00000000c6948610}: 'java.lang.Object java.lang.invoke.Invokers$Holder.linkToTargetMethod(java.lang.Object, long, java.lang.Object)'> (0x00000000c6948610) 
thrown [t:\workspace\open\src\hotspot\share\interpreter\linkResolver.cpp, line 766]
Event: 30.302 Thread 0x00000240d9c87dc0 Exception <a 'java/lang/NoSuchMethodError'{0x00000000c67888d0}: 'java.lang.Object java.lang.invoke.DirectMethodHandle$Holder.invokeStaticInit(java.lang.Object, java.lang.Object, int, int, int, int)'> (0x00000000c67888d0) 
thrown [t:\workspace\open\src\hotspot\share\interpreter\linkResolver.cpp, line 766]
Event: 30.484 Thread 0x00000240d9c87dc0 Exception <a 'java/lang/NoSuchMethodError'{0x00000000c65e5fb8}: 'int java.lang.invoke.DirectMethodHandle$Holder.invokeSpecialIFC(java.lang.Object, java.lang.Object, java.lang.Object, java.lang.Object)'> (0x00000000c65e5fb8) 
thrown [t:\workspace\open\src\hotspot\share\interpreter\linkResolver.cpp, line 766]
Event: 30.704 Thread 0x00000240f605d4c0 Implicit null exception at 0x00000240e90dd1f7 to 0x00000240e90ddbc4

VM Operations (20 events):
Event: 24.897 Executing VM operation: G1CollectForAllocation
Event: 24.913 Executing VM operation: G1CollectForAllocation done
Event: 25.922 Executing VM operation: Cleanup
Event: 25.923 Executing VM operation: Cleanup done
Event: 26.930 Executing VM operation: Cleanup
Event: 26.930 Executing VM operation: Cleanup done
Event: 27.934 Executing VM operation: Cleanup
Event: 27.934 Executing VM operation: Cleanup done
Event: 28.942 Executing VM operation: Cleanup
Event: 28.944 Executing VM operation: Cleanup done
Event: 28.955 Executing VM operation: HandshakeAllThreads
Event: 28.955 Executing VM operation: HandshakeAllThreads done
Event: 28.984 Executing VM operation: G1CollectForAllocation
Event: 29.039 Executing VM operation: G1CollectForAllocation done
Event: 29.741 Executing VM operation: HandshakeAllThreads
Event: 29.741 Executing VM operation: HandshakeAllThreads done
Event: 30.202 Executing VM operation: HandshakeAllThreads
Event: 30.202 Executing VM operation: HandshakeAllThreads done
Event: 30.202 Executing VM operation: Cleanup
Event: 30.202 Executing VM operation: Cleanup done

Events (20 events):
Event: 30.642 loading class java/lang/Thread$State done
Event: 30.643 Thread 0x00000240f6478dd0 Thread added: 0x00000240f6478dd0
Event: 30.643 Thread 0x00000240f605d4c0 Thread added: 0x00000240f605d4c0
Event: 30.643 Thread 0x00000240f605d990 Thread added: 0x00000240f605d990
Event: 30.643 loading class java/util/concurrent/locks/AbstractQueuedSynchronizer$SharedNode
Event: 30.644 loading class java/util/concurrent/locks/AbstractQueuedSynchronizer$Node
Event: 30.644 loading class java/util/concurrent/locks/AbstractQueuedSynchronizer$Node done
Event: 30.644 loading class java/util/concurrent/locks/AbstractQueuedSynchronizer$SharedNode done
Event: 30.644 loading class java/util/concurrent/locks/AbstractQueuedSynchronizer$ExclusiveNode
Event: 30.644 loading class java/util/concurrent/locks/AbstractQueuedSynchronizer$ExclusiveNode done
Event: 30.707 loading class java/util/concurrent/locks/AbstractQueuedSynchronizer$ConditionNode
Event: 30.708 loading class java/util/concurrent/locks/AbstractQueuedSynchronizer$ConditionNode done
Event: 30.713 loading class java/util/jar/JarOutputStream
Event: 30.714 loading class java/util/zip/ZipOutputStream
Event: 30.714 loading class java/util/zip/DeflaterOutputStream
Event: 30.715 loading class java/util/zip/DeflaterOutputStream done
Event: 30.715 loading class java/util/zip/ZipOutputStream done
Event: 30.715 loading class java/util/jar/JarOutputStream done
Event: 31.079 Thread 0x00000240f65d9d30 Thread added: 0x00000240f65d9d30
Event: 31.079 Thread 0x00000240f6c92a30 Thread added: 0x00000240f6c92a30


Dynamic libraries:
0x00007ff729540000 - 0x00007ff729550000 	C:\Program Files\Java\jdk-17\bin\java.exe
0x00007ff883830000 - 0x00007ff883a47000 	C:\WINDOWS\SYSTEM32\ntdll.dll
0x00007ff882c40000 - 0x00007ff882d04000 	C:\WINDOWS\System32\KERNEL32.DLL
0x00007ff8811b0000 - 0x00007ff881557000 	C:\WINDOWS\System32\KERNELBASE.dll
0x00007ff880b50000 - 0x00007ff880c61000 	C:\WINDOWS\System32\ucrtbase.dll
0x00007ff8670a0000 - 0x00007ff8670b8000 	C:\Program Files\Java\jdk-17\bin\jli.dll
0x00007ff882440000 - 0x00007ff8824f2000 	C:\WINDOWS\System32\ADVAPI32.dll
0x00007ff881880000 - 0x00007ff881927000 	C:\WINDOWS\System32\msvcrt.dll
0x00007ff881930000 - 0x00007ff8819d8000 	C:\WINDOWS\System32\sechost.dll
0x00007ff880f00000 - 0x00007ff880f28000 	C:\WINDOWS\System32\bcrypt.dll
0x00007ff883490000 - 0x00007ff8835a5000 	C:\WINDOWS\System32\RPCRT4.dll
0x00007ff8816d0000 - 0x00007ff88187e000 	C:\WINDOWS\System32\USER32.dll
0x00007ff881050000 - 0x00007ff881076000 	C:\WINDOWS\System32\win32u.dll
0x00007ff8819e0000 - 0x00007ff881a09000 	C:\WINDOWS\System32\GDI32.dll
0x00007ff880f30000 - 0x00007ff881049000 	C:\WINDOWS\System32\gdi32full.dll
0x00007ff880de0000 - 0x00007ff880e7a000 	C:\WINDOWS\System32\msvcp_win.dll
0x00007ff867080000 - 0x00007ff86709a000 	C:\Program Files\Java\jdk-17\bin\VCRUNTIME140.dll
0x00007ff86b680000 - 0x00007ff86b913000 	C:\WINDOWS\WinSxS\amd64_microsoft.windows.common-controls_6595b64144ccf1df_6.0.22621.3527_none_270e469b73872a76\COMCTL32.dll
0x00007ff872350000 - 0x00007ff87235a000 	C:\WINDOWS\SYSTEM32\VERSION.dll
0x00007ff883060000 - 0x00007ff883091000 	C:\WINDOWS\System32\IMM32.DLL
0x00007ff87aee0000 - 0x00007ff87aeec000 	C:\Program Files\Java\jdk-17\bin\vcruntime140_1.dll
0x00007ff8523e0000 - 0x00007ff85246d000 	C:\Program Files\Java\jdk-17\bin\msvcp140.dll
0x00007fffd85c0000 - 0x00007fffd917e000 	C:\Program Files\Java\jdk-17\bin\server\jvm.dll
0x00007ff882600000 - 0x00007ff882608000 	C:\WINDOWS\System32\PSAPI.DLL
0x00007ff867a30000 - 0x00007ff867a39000 	C:\WINDOWS\SYSTEM32\WSOCK32.dll
0x00007ff882d10000 - 0x00007ff882d81000 	C:\WINDOWS\System32\WS2_32.dll
0x00007ff872760000 - 0x00007ff872794000 	C:\WINDOWS\SYSTEM32\WINMM.dll
0x00007ff87fae0000 - 0x00007ff87faf8000 	C:\WINDOWS\SYSTEM32\kernel.appcore.dll
0x00007ff872d50000 - 0x00007ff872d5a000 	C:\Program Files\Java\jdk-17\bin\jimage.dll
0x00007ff87e5e0000 - 0x00007ff87e812000 	C:\WINDOWS\SYSTEM32\DBGHELP.DLL
0x00007ff883100000 - 0x00007ff883488000 	C:\WINDOWS\System32\combase.dll
0x00007ff883710000 - 0x00007ff8837e7000 	C:\WINDOWS\System32\OLEAUT32.dll
0x00007ff862f00000 - 0x00007ff862f32000 	C:\WINDOWS\SYSTEM32\dbgcore.DLL
0x00007ff880e80000 - 0x00007ff880ef9000 	C:\WINDOWS\System32\bcryptPrimitives.dll
0x00007ff866e30000 - 0x00007ff866e55000 	C:\Program Files\Java\jdk-17\bin\java.dll
0x00007fffd9870000 - 0x00007fffd9946000 	C:\Program Files\Java\jdk-17\bin\svml.dll
0x00007ff881a10000 - 0x00007ff88226c000 	C:\WINDOWS\System32\SHELL32.dll
0x00007ff87ea40000 - 0x00007ff87f336000 	C:\WINDOWS\SYSTEM32\windows.storage.dll
0x00007ff87e900000 - 0x00007ff87ea3e000 	C:\WINDOWS\SYSTEM32\wintypes.dll
0x00007ff882500000 - 0x00007ff8825f5000 	C:\WINDOWS\System32\SHCORE.dll
0x00007ff8830a0000 - 0x00007ff8830fe000 	C:\WINDOWS\System32\shlwapi.dll
0x00007ff880a80000 - 0x00007ff880aa1000 	C:\WINDOWS\SYSTEM32\profapi.dll
0x00007ff867060000 - 0x00007ff867079000 	C:\Program Files\Java\jdk-17\bin\net.dll
0x00007ff873280000 - 0x00007ff8733b6000 	C:\WINDOWS\SYSTEM32\WINHTTP.dll
0x00007ff87ffa0000 - 0x00007ff880009000 	C:\WINDOWS\system32\mswsock.dll
0x00007ff8523a0000 - 0x00007ff8523b5000 	C:\Program Files\Java\jdk-17\bin\nio.dll
0x00007ff852380000 - 0x00007ff852398000 	C:\Program Files\Java\jdk-17\bin\zip.dll
0x0000000069ac0000 - 0x0000000069ae4000 	C:\Program Files\Maven\apache-maven-3.9.4\lib\jansi-native\Windows\x86_64\jansi.dll
0x00007ff8693b0000 - 0x00007ff8693c0000 	C:\Program Files\Java\jdk-17\bin\verify.dll
0x00007ff8801e0000 - 0x00007ff8801fb000 	C:\WINDOWS\SYSTEM32\CRYPTSP.dll
0x00007ff87faa0000 - 0x00007ff87fad5000 	C:\WINDOWS\system32\rsaenh.dll
0x00007ff880070000 - 0x00007ff880098000 	C:\WINDOWS\SYSTEM32\USERENV.dll
0x00007ff880200000 - 0x00007ff88020c000 	C:\WINDOWS\SYSTEM32\CRYPTBASE.dll
0x00007ff87f5e0000 - 0x00007ff87f60d000 	C:\WINDOWS\SYSTEM32\IPHLPAPI.DLL
0x00007ff882270000 - 0x00007ff882279000 	C:\WINDOWS\System32\NSI.dll
0x00007ff878060000 - 0x00007ff878079000 	C:\WINDOWS\SYSTEM32\dhcpcsvc6.DLL
0x00007ff873180000 - 0x00007ff87319f000 	C:\WINDOWS\SYSTEM32\dhcpcsvc.DLL
0x00007ff87f660000 - 0x00007ff87f758000 	C:\WINDOWS\SYSTEM32\DNSAPI.dll

dbghelp: loaded successfully - version: 4.0.5 - missing functions: none
symbol engine: initialized successfully - sym options: 0x614 - pdb path: .;C:\Program Files\Java\jdk-17\bin;C:\WINDOWS\SYSTEM32;C:\WINDOWS\WinSxS\amd64_microsoft.windows.common-controls_6595b64144ccf1df_6.0.22621.3527_none_270e469b73872a76;C:\Program Files\Java\jdk-17\bin\server;C:\Program Files\Maven\apache-maven-3.9.4\lib\jansi-native\Windows\x86_64

VM Arguments:
jvm_args: -Dclassworlds.conf=C:\Program Files\Maven\apache-maven-3.9.4\bin\m2.conf -Dmaven.home=C:\Program Files\Maven\apache-maven-3.9.4 -Dlibrary.jansi.path=C:\Program Files\Maven\apache-maven-3.9.4\lib\jansi-native -Dmaven.multiModuleProjectDirectory=D:\Polban\SEMESTER 6\Pengujian Perangkat Lunak\PRAKTEK\Tubes\TubesTestingProject 
java_command: org.codehaus.plexus.classworlds.launcher.Launcher test -Papi
java_class_path (initial): C:\Program Files\Maven\apache-maven-3.9.4\boot\plexus-classworlds-2.7.0.jar
Launcher Type: SUN_STANDARD

[Global flags]
     intx CICompilerCount                          = 2                                         {product} {ergonomic}
     uint ConcGCThreads                            = 1                                         {product} {ergonomic}
     uint G1ConcRefinementThreads                  = 2                                         {product} {ergonomic}
   size_t G1HeapRegionSize                         = 1048576                                   {product} {ergonomic}
    uintx GCDrainStackTargetSize                   = 64                                        {product} {ergonomic}
   size_t InitialHeapSize                          = 65011712                                  {product} {ergonomic}
   size_t MarkStackSize                            = 4194304                                   {product} {ergonomic}
   size_t MaxHeapSize                              = 1027604480                                {product} {ergonomic}
   size_t MaxNewSize                               = 616562688                                 {product} {ergonomic}
   size_t MinHeapDeltaBytes                        = 1048576                                   {product} {ergonomic}
   size_t MinHeapSize                              = 8388608                                   {product} {ergonomic}
    uintx NonNMethodCodeHeapSize                   = 5826188                                {pd product} {ergonomic}
    uintx NonProfiledCodeHeapSize                  = 122916026                              {pd product} {ergonomic}
    uintx ProfiledCodeHeapSize                     = 122916026                              {pd product} {ergonomic}
    uintx ReservedCodeCacheSize                    = 251658240                              {pd product} {ergonomic}
     bool SegmentedCodeCache                       = true                                      {product} {ergonomic}
   size_t SoftMaxHeapSize                          = 1027604480                             {manageable} {ergonomic}
     bool UseCompressedClassPointers               = true                           {product lp64_product} {ergonomic}
     bool UseCompressedOops                        = true                           {product lp64_product} {ergonomic}
     bool UseG1GC                                  = true                                      {product} {ergonomic}
     bool UseLargePagesIndividualAllocation        = false                                  {pd product} {ergonomic}

Logging:
Log output configuration:
 #0: stdout all=warning uptime,level,tags
 #1: stderr all=off uptime,level,tags

Environment Variables:
JAVA_HOME=C:\Program Files\Java\jdk-17
PATH=C:\Program Files\Java\jdk-17\bin;D:\Program Files\Docker\Docker;D:\Polban\SEMESTER 6\PPLBO\PRAKTEK\FTGOAPP\gradle-6.9.1\bin;D:\Program Files\Java\jdk-17\bin;C:\tools\mysql\current\bin;C:\ProgramData\chocolatey\bin;D:\VirtualBox;C:\Users\ASUS\AppData\Local\Programs\Python\Python311;C:\Users\ASUS\AppData\Local\Programs\Python\Python311\Scripts;C:\oraclexe\app\oracle\product\11.2.0\server\bin;C:\Program Files\Common Files\Oracle\Java\javapath;C:\WINDOWS\system32;C:\WINDOWS;C:\WINDOWS\System32\Wbem;C:\WINDOWS\System32\WindowsPowerShell\v1.0\;C:\WINDOWS\System32\OpenSSH\;C:\Program Files\Intel\WiFi\bin\;C:\Program Files\Common Files\Intel\WirelessCommon\;C:\Program Files\Git\cmd;C:\MinGW\bin;C:\Users\ASUS\AppData\Roaming\Microsoft\Windows\Start Menu\Programs\Python 3.10;D:\Polban\SEMESTER 2\PROYEK1 PPLD SEM2\webScrap2;C:\Program Files\PuTTY\;C:\ghcup\bin;C:\Program Files\swipl\bin;C:\Program Files\Microsoft SQL Server\130\Tools\Binn\;C:\instantclient_11_2;C:\Ruby31-x64\bin;C:\neo4j\bin;C:\Program Files\Git LFS;C:\Program Files\Go\bin;C:\Program Files\nodejs\;C:\Program Files\Maven\apache-maven-3.9.4\bin;C:\Program Files\Java\jdk-17\bin;D:\Program Files\Docker\Docker\resources\bin;D:\Docker\Docker\resources\bin;C:\Program Files\Java\jdk-17\bin;D:\Program Files\Docker\Docker;D:\Polban\SEMESTER 6\PPLBO\PRAKTEK\FTGOAPP\gradle-6.9.1\bin;C:\ProgramData\chocolatey\bin;C:\tools\mysql\current\bin;D:\VirtualBox;C:\Users\ASUS\AppData\Local\ActiveState\StateTool\release\bin;C:\Users\ASUS\AppData\Local\activestate\cache\bin;C:\Users\ASUS\AppData\Local\Programs\Python\Python311;C:\Users\ASUS\AppData\Local\Programs\Python\Python39\Scripts\;C:\Users\ASUS\AppData\Local\Programs\Python\Python39\;C:\Users\ASUS\AppData\Local\Programs\Python\Python310\Scripts\;C:\Users\ASUS\AppData\Local\Programs\Python\Python310\;C:\Users\ASUS\AppData\Local\Microsoft\WindowsApps;C:\Users\ASUS\AppData\Local\Programs\Microsoft VS Code\bin;C:\MinGW\bin;C:\Program Files\JetBrains\IntelliJ IDEA 2022.1\bin;;C:\
USERNAME=ASUS
LANG=en_US.UTF-8
OS=Windows_NT
PROCESSOR_IDENTIFIER=Intel64 Family 6 Model 122 Stepping 1, GenuineIntel



---------------  S Y S T E M  ---------------

OS:
 Windows 10 , 64 bit Build 22621 (10.0.22621.3527)
OS uptime: 2 days 10:29 hours
Hyper-V role detected

CPU: total 2 (initial active 2) (2 cores per cpu, 1 threads per core) family 6 model 122 stepping 1 microcode 0x34, cx8, cmov, fxsr, mmx, 3dnowpref, sse, sse2, sse3, ssse3, sse4.1, sse4.2, popcnt, tsc, tscinvbit, aes, erms, clmul, sha, clflush, clflushopt, hv

Memory: 4k page, system-wide physical 3918M (81M free)
TotalPageFile size 14158M (AvailPageFile size 6M)
current process WorkingSet (physical memory assigned to process): 147M, peak: 147M
current process commit charge ("private bytes"): 183M, peak: 189M

vm_info: Java HotSpot(TM) 64-Bit Server VM (17+35-LTS-2724) for windows-amd64 JRE (17+35-LTS-2724), built on Aug  5 2021 23:28:28 by "mach5one" with MS VC++ 16.8 (VS2019)

END.
